<?xml version="1.0" encoding="UTF-8"?>
<testsuite name="jrails.HtmlTest" tests="2" skipped="0" failures="0" errors="0" timestamp="2024-11-20T19:22:47" hostname="Deriks-MacBook-Pro.local" time="0.005">
  <properties/>
  <testcase name="simpleTest" classname="jrails.HtmlTest" time="0.003"/>
  <testcase name="empty" classname="jrails.HtmlTest" time="0.002"/>
  <system-out><![CDATA[<p>Simple Test Case</p>
]]></system-out>
  <system-err><![CDATA[]]></system-err>
</testsuite>
